\BOOKMARK [1][-]{section*.4}{Wstep}{}% 1
\BOOKMARK [1][-]{section.1}{. Aplikacja na system Android}{}% 2
\BOOKMARK [2][-]{subsection.1.1}{. Wykorzystane narzedzie}{section.1}% 3
\BOOKMARK [2][-]{subsection.1.2}{. Wymagania systemowe}{section.1}% 4
\BOOKMARK [2][-]{subsection.1.3}{. Model danych}{section.1}% 5
\BOOKMARK [2][-]{subsection.1.4}{. Realizacja projektu}{section.1}% 6
\BOOKMARK [3][-]{subsubsection.1.4.1}{. ModelViewPresenter}{subsection.1.4}% 7
\BOOKMARK [3][-]{subsubsection.1.4.2}{. Pobieranie i wysy\233anie danych}{subsection.1.4}% 8
\BOOKMARK [3][-]{subsubsection.1.4.3}{. Zarzadzanie widokami}{subsection.1.4}% 9
\BOOKMARK [3][-]{subsubsection.1.4.4}{. BaseActivity}{subsection.1.4}% 10
\BOOKMARK [3][-]{subsubsection.1.4.5}{. MainActivity}{subsection.1.4}% 11
\BOOKMARK [3][-]{subsubsection.1.4.6}{. SearchActivity}{subsection.1.4}% 12
\BOOKMARK [3][-]{subsubsection.1.4.7}{. CategoryActivity}{subsection.1.4}% 13
\BOOKMARK [3][-]{subsubsection.1.4.8}{. BookActivity}{subsection.1.4}% 14
\BOOKMARK [3][-]{subsubsection.1.4.9}{. BookDetailsActivity}{subsection.1.4}% 15
\BOOKMARK [2][-]{subsection.1.5}{. Interfejs uzytkownika}{section.1}% 16
\BOOKMARK [2][-]{subsection.1.6}{. Splash screen}{section.1}% 17
\BOOKMARK [3][-]{subsubsection.1.6.1}{. Wyszukiwarka ksiazek}{subsection.1.6}% 18
\BOOKMARK [3][-]{subsubsection.1.6.2}{. Wyb\363r kategorii}{subsection.1.6}% 19
\BOOKMARK [3][-]{subsubsection.1.6.3}{. Wyniki wyszukiwania}{subsection.1.6}% 20
\BOOKMARK [3][-]{subsubsection.1.6.4}{. Szczeg\363\233y ksiazki}{subsection.1.6}% 21
\BOOKMARK [1][-]{section.2}{. Aplikacja na system iOS}{}% 22
\BOOKMARK [2][-]{subsection.2.1}{. Wykorzystane narzedzia}{section.2}% 23
\BOOKMARK [2][-]{subsection.2.2}{. Wymagania systemowe}{section.2}% 24
\BOOKMARK [2][-]{subsection.2.3}{. Model danych}{section.2}% 25
\BOOKMARK [2][-]{subsection.2.4}{. Realizacja projektu}{section.2}% 26
\BOOKMARK [3][-]{subsubsection.2.4.1}{. Biblioteka R.swift}{subsection.2.4}% 27
\BOOKMARK [3][-]{subsubsection.2.4.2}{. Zarzadzanie widokami}{subsection.2.4}% 28
\BOOKMARK [3][-]{subsubsection.2.4.3}{. MainViewController}{subsection.2.4}% 29
\BOOKMARK [3][-]{subsubsection.2.4.4}{. SearchViewController}{subsection.2.4}% 30
\BOOKMARK [3][-]{subsubsection.2.4.5}{. CategoriesViewController}{subsection.2.4}% 31
\BOOKMARK [3][-]{subsubsection.2.4.6}{. BookListViewController}{subsection.2.4}% 32
\BOOKMARK [3][-]{subsubsection.2.4.7}{. BookDetailsViewController}{subsection.2.4}% 33
\BOOKMARK [3][-]{subsubsection.2.4.8}{. SessionManager}{subsection.2.4}% 34
\BOOKMARK [3][-]{subsubsection.2.4.9}{. RequestManager}{subsection.2.4}% 35
\BOOKMARK [2][-]{subsection.2.5}{. Interfejs uzytkownika}{section.2}% 36
\BOOKMARK [3][-]{subsubsection.2.5.1}{. Wyszukiwarka ksiazek}{subsection.2.5}% 37
\BOOKMARK [3][-]{subsubsection.2.5.2}{. Wyb\363r kategorii}{subsection.2.5}% 38
\BOOKMARK [3][-]{subsubsection.2.5.3}{. Wyniki wyszukiwania}{subsection.2.5}% 39
\BOOKMARK [3][-]{subsubsection.2.5.4}{. Szczeg\363\233y ksiazki}{subsection.2.5}% 40
\BOOKMARK [1][-]{section.3}{. Zakonczenie}{}% 41
\BOOKMARK [1][-]{section*.5}{Literatura}{}% 42
