\BOOKMARK [1][-]{section*.4}{Wstep}{}% 1
\BOOKMARK [1][-]{section.1}{. Aplikacja serwerowa}{}% 2
\BOOKMARK [2][-]{subsection.1.1}{. Uzyte frameworki}{section.1}% 3
\BOOKMARK [3][-]{subsubsection.1.1.1}{. Modele Django}{subsection.1.1}% 4
\BOOKMARK [2][-]{subsection.1.2}{. Model danych}{section.1}% 5
\BOOKMARK [3][-]{subsubsection.1.2.1}{. Model Book}{subsection.1.2}% 6
\BOOKMARK [3][-]{subsubsection.1.2.2}{. Model Category}{subsection.1.2}% 7
\BOOKMARK [2][-]{subsection.1.3}{. Wazne klasy}{section.1}% 8
\BOOKMARK [3][-]{subsubsection.1.3.1}{. Klasa CategoryTree}{subsection.1.3}% 9
\BOOKMARK [3][-]{subsubsection.1.3.2}{. Klasa Dictionary}{subsection.1.3}% 10
\BOOKMARK [3][-]{subsubsection.1.3.3}{. Klasa query}{subsection.1.3}% 11
\BOOKMARK [2][-]{subsection.1.4}{. Us\233ugi}{section.1}% 12
\BOOKMARK [3][-]{subsubsection.1.4.1}{. Us\233uga dostarczajaca ksiazki}{subsection.1.4}% 13
\BOOKMARK [3][-]{subsubsection.1.4.2}{. Us\233uga dostarczajaca kategorie}{subsection.1.4}% 14
\BOOKMARK [3][-]{subsubsection.1.4.3}{. Us\233uga dostarczajaca s\233ownik}{subsection.1.4}% 15
\BOOKMARK [2][-]{subsection.1.5}{. Wdrazanie}{section.1}% 16
\BOOKMARK [3][-]{subsubsection.1.5.1}{. Wirtualne srodowisko}{subsection.1.5}% 17
\BOOKMARK [3][-]{subsubsection.1.5.2}{. Pobranie aplikacji}{subsection.1.5}% 18
\BOOKMARK [3][-]{subsubsection.1.5.3}{. Konfiguracja aplikacji}{subsection.1.5}% 19
\BOOKMARK [3][-]{subsubsection.1.5.4}{. Uruchomienie aplikacji}{subsection.1.5}% 20
\BOOKMARK [3][-]{subsubsection.1.5.5}{. Konfiguracja Cron}{subsection.1.5}% 21
\BOOKMARK [1][-]{section.2}{. Panel administracyjny}{}% 22
\BOOKMARK [2][-]{subsection.2.1}{. Biblioteka}{section.2}% 23
\BOOKMARK [3][-]{subsubsection.2.1.1}{. Importuj csv}{subsection.2.1}% 24
\BOOKMARK [3][-]{subsubsection.2.1.2}{. Kategorie}{subsection.2.1}% 25
\BOOKMARK [3][-]{subsubsection.2.1.3}{. Ksiazki}{subsection.2.1}% 26
\BOOKMARK [2][-]{subsection.2.2}{. Uwierzytelnianie i Autoryzacja}{section.2}% 27
\BOOKMARK [1][-]{section*.5}{Literatura}{}% 28
