\BOOKMARK [1][-]{section*.4}{Wstep}{}% 1
\BOOKMARK [1][-]{section.1}{. Aplikacja serwerowa}{}% 2
\BOOKMARK [2][-]{subsection.1.1}{. Uzyte frameworki}{section.1}% 3
\BOOKMARK [3][-]{subsubsection.1.1.1}{. Modele Django}{subsection.1.1}% 4
\BOOKMARK [2][-]{subsection.1.2}{. Model danych}{section.1}% 5
\BOOKMARK [3][-]{subsubsection.1.2.1}{. Model Book}{subsection.1.2}% 6
\BOOKMARK [3][-]{subsubsection.1.2.2}{. Model Category}{subsection.1.2}% 7
\BOOKMARK [2][-]{subsection.1.3}{. G\233\363wne klasy}{section.1}% 8
\BOOKMARK [3][-]{subsubsection.1.3.1}{. Klasa CategoryTree}{subsection.1.3}% 9
\BOOKMARK [3][-]{subsubsection.1.3.2}{. Klasa Dictionary}{subsection.1.3}% 10
\BOOKMARK [3][-]{subsubsection.1.3.3}{. Klasa query}{subsection.1.3}% 11
\BOOKMARK [2][-]{subsection.1.4}{. Us\233ugi}{section.1}% 12
\BOOKMARK [3][-]{subsubsection.1.4.1}{. Us\233uga dostarczajaca ksiazki}{subsection.1.4}% 13
\BOOKMARK [3][-]{subsubsection.1.4.2}{. Us\233uga dostarczajaca kategorie}{subsection.1.4}% 14
\BOOKMARK [3][-]{subsubsection.1.4.3}{. Us\233uga dostarczajaca s\233ownik}{subsection.1.4}% 15
\BOOKMARK [2][-]{subsection.1.5}{. Wdrazanie}{section.1}% 16
\BOOKMARK [3][-]{subsubsection.1.5.1}{. Wirtualne srodowisko}{subsection.1.5}% 17
\BOOKMARK [3][-]{subsubsection.1.5.2}{. Pobranie aplikacji}{subsection.1.5}% 18
\BOOKMARK [3][-]{subsubsection.1.5.3}{. Konfiguracja aplikacji}{subsection.1.5}% 19
\BOOKMARK [3][-]{subsubsection.1.5.4}{. Uruchomienie aplikacji}{subsection.1.5}% 20
\BOOKMARK [3][-]{subsubsection.1.5.5}{. Konfiguracja Cron}{subsection.1.5}% 21
\BOOKMARK [1][-]{section.2}{. Panel administracyjny}{}% 22
\BOOKMARK [2][-]{subsection.2.1}{. Biblioteka}{section.2}% 23
\BOOKMARK [3][-]{subsubsection.2.1.1}{. Importuj csv}{subsection.2.1}% 24
\BOOKMARK [3][-]{subsubsection.2.1.2}{. Kategorie}{subsection.2.1}% 25
\BOOKMARK [3][-]{subsubsection.2.1.3}{. Ksiazki}{subsection.2.1}% 26
\BOOKMARK [2][-]{subsection.2.2}{. Uwierzytelnianie i Autoryzacja}{section.2}% 27
\BOOKMARK [1][-]{section.3}{. Aplikacja na system Android}{}% 28
\BOOKMARK [2][-]{subsection.3.1}{. Wykorzystane narzedzie}{section.3}% 29
\BOOKMARK [2][-]{subsection.3.2}{. Wymagania systemowe}{section.3}% 30
\BOOKMARK [2][-]{subsection.3.3}{. Model danych}{section.3}% 31
\BOOKMARK [2][-]{subsection.3.4}{. Realizacja projektu}{section.3}% 32
\BOOKMARK [3][-]{subsubsection.3.4.1}{. ModelViewPresenter}{subsection.3.4}% 33
\BOOKMARK [3][-]{subsubsection.3.4.2}{. Pobieranie i wysy\233anie danych}{subsection.3.4}% 34
\BOOKMARK [3][-]{subsubsection.3.4.3}{. Zarzadzanie widokami}{subsection.3.4}% 35
\BOOKMARK [3][-]{subsubsection.3.4.4}{. BaseActivity}{subsection.3.4}% 36
\BOOKMARK [3][-]{subsubsection.3.4.5}{. MainActivity}{subsection.3.4}% 37
\BOOKMARK [3][-]{subsubsection.3.4.6}{. SearchActivity}{subsection.3.4}% 38
\BOOKMARK [3][-]{subsubsection.3.4.7}{. CategoryActivity}{subsection.3.4}% 39
\BOOKMARK [3][-]{subsubsection.3.4.8}{. BookActivity}{subsection.3.4}% 40
\BOOKMARK [3][-]{subsubsection.3.4.9}{. BookDetailsActivity}{subsection.3.4}% 41
\BOOKMARK [2][-]{subsection.3.5}{. Interfejs uzytkownika}{section.3}% 42
\BOOKMARK [2][-]{subsection.3.6}{. Splash screen}{section.3}% 43
\BOOKMARK [3][-]{subsubsection.3.6.1}{. Wyszukiwarka ksiazek}{subsection.3.6}% 44
\BOOKMARK [3][-]{subsubsection.3.6.2}{. Wyb\363r kategorii}{subsection.3.6}% 45
\BOOKMARK [3][-]{subsubsection.3.6.3}{. Wyniki wyszukiwania}{subsection.3.6}% 46
\BOOKMARK [3][-]{subsubsection.3.6.4}{. Szczeg\363\233y ksiazki}{subsection.3.6}% 47
\BOOKMARK [1][-]{section.4}{. Aplikacja na system iOS}{}% 48
\BOOKMARK [2][-]{subsection.4.1}{. Wykorzystane narzedzia}{section.4}% 49
\BOOKMARK [2][-]{subsection.4.2}{. Wymagania systemowe}{section.4}% 50
\BOOKMARK [2][-]{subsection.4.3}{. Model danych}{section.4}% 51
\BOOKMARK [2][-]{subsection.4.4}{. Realizacja projektu}{section.4}% 52
\BOOKMARK [3][-]{subsubsection.4.4.1}{. Biblioteka R.swift}{subsection.4.4}% 53
\BOOKMARK [3][-]{subsubsection.4.4.2}{. Zarzadzanie widokami}{subsection.4.4}% 54
\BOOKMARK [3][-]{subsubsection.4.4.3}{. MainViewController}{subsection.4.4}% 55
\BOOKMARK [3][-]{subsubsection.4.4.4}{. SearchViewController}{subsection.4.4}% 56
\BOOKMARK [3][-]{subsubsection.4.4.5}{. CategoriesViewController}{subsection.4.4}% 57
\BOOKMARK [3][-]{subsubsection.4.4.6}{. BookListViewController}{subsection.4.4}% 58
\BOOKMARK [3][-]{subsubsection.4.4.7}{. BookDetailsViewController}{subsection.4.4}% 59
\BOOKMARK [3][-]{subsubsection.4.4.8}{. SessionManager}{subsection.4.4}% 60
\BOOKMARK [3][-]{subsubsection.4.4.9}{. RequestManager}{subsection.4.4}% 61
\BOOKMARK [2][-]{subsection.4.5}{. Interfejs uzytkownika}{section.4}% 62
\BOOKMARK [3][-]{subsubsection.4.5.1}{. Wyszukiwarka ksiazek}{subsection.4.5}% 63
\BOOKMARK [3][-]{subsubsection.4.5.2}{. Wyb\363r kategorii}{subsection.4.5}% 64
\BOOKMARK [3][-]{subsubsection.4.5.3}{. Wyniki wyszukiwania}{subsection.4.5}% 65
\BOOKMARK [3][-]{subsubsection.4.5.4}{. Szczeg\363\233y ksiazki}{subsection.4.5}% 66
\BOOKMARK [1][-]{section.5}{. Zakonczenie}{}% 67
\BOOKMARK [1][-]{section*.5}{Literatura}{}% 68
